<?xml version="1.0" encoding="UTF-8"?>
<testng-results ignored="0" total="2" passed="2" failed="0" skipped="0">
  <reporter-output>
  </reporter-output>
  <suite started-at="2023-03-06T14:57:43 TRT" name="Suite" finished-at="2023-03-06T14:58:10 TRT" duration-ms="26915">
    <groups>
    </groups>
    <test started-at="2023-03-06T14:57:43 TRT" name="Test" finished-at="2023-03-06T14:58:05 TRT" duration-ms="21377">
      <class name="com.shopiroller.test.AddRemoveItemBasketTest">
        <test-method is-config="true" signature="setup()[pri:0, instance:com.shopiroller.test.AddRemoveItemBasketTest@3911c2a7]" started-at="2023-03-06T14:57:44 TRT" name="setup" finished-at="2023-03-06T14:57:50 TRT" duration-ms="6551" status="PASS">
          <reporter-output>
          </reporter-output>
        </test-method> <!-- setup -->
        <test-method signature="addRemoveItem()[pri:0, instance:com.shopiroller.test.AddRemoveItemBasketTest@3911c2a7]" started-at="2023-03-06T14:57:50 TRT" name="addRemoveItem" finished-at="2023-03-06T14:58:05 TRT" duration-ms="14520" status="PASS">
          <reporter-output>
          </reporter-output>
        </test-method> <!-- addRemoveItem -->
        <test-method is-config="true" signature="tearDown()[pri:0, instance:com.shopiroller.test.AddRemoveItemBasketTest@3911c2a7]" started-at="2023-03-06T14:58:05 TRT" name="tearDown" finished-at="2023-03-06T14:58:05 TRT" duration-ms="75" status="PASS">
          <reporter-output>
          </reporter-output>
        </test-method> <!-- tearDown -->
      </class> <!-- com.shopiroller.test.AddRemoveItemBasketTest -->
    </test> <!-- Test -->
    <test started-at="2023-03-06T14:57:43 TRT" name="Test2" finished-at="2023-03-06T14:58:10 TRT" duration-ms="26915">
      <class name="com.shopiroller.test.OrderCompleteTest">
        <test-method is-config="true" signature="setup()[pri:0, instance:com.shopiroller.test.OrderCompleteTest@8dbdac1]" started-at="2023-03-06T14:57:44 TRT" name="setup" finished-at="2023-03-06T14:57:50 TRT" duration-ms="6475" status="PASS">
          <reporter-output>
          </reporter-output>
        </test-method> <!-- setup -->
        <test-method signature="endToEndTest()[pri:0, instance:com.shopiroller.test.OrderCompleteTest@8dbdac1]" started-at="2023-03-06T14:57:50 TRT" name="endToEndTest" finished-at="2023-03-06T14:58:10 TRT" duration-ms="20118" status="PASS">
          <reporter-output>
          </reporter-output>
        </test-method> <!-- endToEndTest -->
        <test-method is-config="true" signature="tearDown()[pri:0, instance:com.shopiroller.test.OrderCompleteTest@8dbdac1]" started-at="2023-03-06T14:58:10 TRT" name="tearDown" finished-at="2023-03-06T14:58:10 TRT" duration-ms="79" status="PASS">
          <reporter-output>
          </reporter-output>
        </test-method> <!-- tearDown -->
      </class> <!-- com.shopiroller.test.OrderCompleteTest -->
    </test> <!-- Test2 -->
  </suite> <!-- Suite -->
</testng-results>
