<?xml version="1.0" encoding="UTF-8"?>
<!-- Generated by org.testng.reporters.JUnitXMLReporter -->
<testsuite ignored="0" hostname="DESKTOP-QN4QNHH" failures="0" tests="5" name="Default test" time="15.789" errors="0" timestamp="2023-03-21T05:01:02 TRT">
  <testcase classname="com.shopiroller.devPanelTests.LoginTests" name="LoginSuccessfully" time="2.39"/>
  <testcase classname="com.shopiroller.devPanelTests.LoginTests" name="LoginWithWrongEmail" time="2.204"/>
  <testcase classname="com.shopiroller.devPanelTests.LoginTests" name="LoginWithInvalidEmail" time="1.168"/>
  <testcase classname="com.shopiroller.devPanelTests.LoginTests" name="LoginWithWrongPassword" time="1.163"/>
  <testcase classname="com.shopiroller.devPanelTests.LoginTests" name="LoginWithWrongEmailAndPassword" time="2.154"/>
</testsuite> <!-- Default test -->
